AnnotSV 2.3.2

Copyright (C) 2017-2019 GEOFFROY Veronique

Please feel free to contact me for any suggestions or bug reports
email: veronique.geoffroy@inserm.fr

Tcl/Tk version: 8.5

Application name used (defined with the "ANNOTSV" environment variable):
/pkg/biology/AnnotSV/AnnotSV_v2.3.2


...downloading the configuration data (October 16 2020 - 12:31)
	...configuration data by default
	...configuration data from /pkg/biology/AnnotSV/AnnotSV_v2.3.2/etc/AnnotSV/configfile
	...configuration data given in arguments
	...checking configuration data and files


WARNING: No GeneHancer annotations available.
(Please, see in the README file how to add these annotations. Users need to contact the GeneCards team.)

	******************************************
	AnnotSV has been run with these arguments:
	******************************************
	-SVinputFile /work2/lynn88065/Dragen/Outputs/GRCh38/v3.6.3/NA12878_HG001_hg38//Dragen_NA12878_HG001_hg38.cnv.vcf.gz
	-SVinputInfo 1
	-SVminSize 50
	-annotationsDir /work2/lynn88065/Software/Download
	-bedtools bedtools
	-candidateGenesFiltering no
	-genomeBuild GRCh38
	-metrics us
	-minTotalNumber 500
	-organism Human
	-outputDir /work2/lynn88065/Annotation/temp/AnnotSV/NA12878_HG001
	-outputFile NA12878_HG001_cnv.sorted.vcf.annotSV.output.tsv
	-overlap 70
	-overwrite yes
	-promoterSize 500
	-rankFiltering 1 2 3 4 5
	-rankOutput no
	-reciprocal no
	-snvIndelPASS 0
	-svtBEDcol -1
	******************************************


...listing of the annotations to realized (October 16 2020 - 12:31)
	...refGene annotation
	(with /work2/lynn88065/Software/Download/Annotations_Human/RefGene/GRCh38/refGene.sorted.bed)
	...Genes-based annotations
		...20181211_ACMG.tsv
		(59 gene identifiers and 1 annotations columns: ACMG)
		...20191216_OMIM-2-annotations.tsv.gz
		(14411 gene identifiers and 2 annotations columns: Phenotypes, Inheritance)
		...20191216_morbidGenesCandidates.tsv.gz
		(3136 gene identifiers and 1 annotations columns: morbidGenesCandidates)
		...20191216_OMIM-1-annotations.tsv.gz
		(14411 gene identifiers and 1 annotations columns: Mim Number)
		...20191216_morbidGenes.tsv.gz
		(11249 gene identifiers and 1 annotations columns: morbidGenes)
		...20191219_ClinGenAnnotations.tsv.gz
		(1392 gene identifiers and 2 annotations columns: HI_CGscore, TriS_CGscore)
		...20191219_DDG2P.tsv.gz
		(1982 gene identifiers and 5 annotations columns: DDD_status, DDD_mode, DDD_consequence, DDD_disease, DDD_pmids)
		...20191219_HI.tsv.gz
		(19124 gene identifiers and 1 annotations columns: HI_DDDpercent)
		...20191219_GeneIntolerance.pLI-Zscore.annotations.tsv.gz
		(18241 gene identifiers and 3 annotations columns: synZ_ExAC, misZ_ExAC, pLI_ExAC)
		...20191219_ExAC.CNV-Zscore.annotations.tsv.gz
		(15673 gene identifiers and 3 annotations columns: delZ_ExAC, dupZ_ExAC, cnvZ_ExAC)
	...Annotations with features overlapping the SV
		...DGV Gold Standard frequency annotation
		...gnomAD frequency annotation
		...1000g frequency annotation
		...Ira M. Hall's lab frequency annotation
	...Annotations with features overlapped with the SV
		...Promoters annotation
		...dbVar_pathogenic_NR_SV annotation
		...TAD annotation
	...Breakpoints annotations
		...GC content annotation
		...Repeat annotation


...annotation in progress (October 16 2020 - 12:31)


...Output columns annotation:
	AnnotSV ID; SV chrom; SV start; SV end; SV length; SV type; ID; REF; ALT; QUAL; FILTER; INFO; FORMAT; NA12878_HG001; AnnotSV type; Gene name; NM; CDS length; tx length; location; location2; intersectStart; intersectEnd; DGV_GAIN_IDs; DGV_GAIN_n_samples_with_SV; DGV_GAIN_n_samples_tested; DGV_GAIN_Frequency; DGV_LOSS_IDs; DGV_LOSS_n_samples_with_SV; DGV_LOSS_n_samples_tested; DGV_LOSS_Frequency; GD_ID; GD_AN; GD_N_HET; GD_N_HOMALT; GD_AF; GD_POPMAX_AF; GD_ID_others; 1000g_event; 1000g_AF; 1000g_max_AF; IMH_ID; IMH_AF; IMH_ID_others; promoters; dbVar_event; dbVar_variant; dbVar_status; TADcoordinates; ENCODEexperiments; GCcontent_left; GCcontent_right; Repeats_coord_left; Repeats_type_left; Repeats_coord_right; Repeats_type_right; ACMG; Phenotypes; Inheritance; morbidGenesCandidates; Mim Number; morbidGenes; HI_CGscore; TriS_CGscore; DDD_status; DDD_mode; DDD_consequence; DDD_disease; DDD_pmids; HI_DDDpercent; synZ_ExAC; misZ_ExAC; pLI_ExAC; delZ_ExAC; dupZ_ExAC; cnvZ_ExAC; AnnotSV ranking


...AnnotSV is done with the analysis (October 16 2020 - 12:31)
